This is pdfTeX, Version 3.14159265-2.6-1.40.16 (TeX Live 2015/W32TeX) (preloaded format=pdflatex 2016.5.13)  15 DEC 2016 15:40
entering extended mode
 restricted \write18 enabled.
 %&-line parsing enabled.
**./vorbereitung.tex
(./vorbereitung.tex
LaTeX2e <2016/03/31>
Babel <3.9q> and hyphenation patterns for 81 language(s) loaded.
(c:/texlive/2015/texmf-dist/tex/latex/base/article.cls
Document Class: article 2014/09/29 v1.4h Standard LaTeX document class
(c:/texlive/2015/texmf-dist/tex/latex/base/size10.clo
File: size10.clo 2014/09/29 v1.4h Standard LaTeX file (size option)
)
\c@part=\count79
\c@section=\count80
\c@subsection=\count81
\c@subsubsection=\count82
\c@paragraph=\count83
\c@subparagraph=\count84
\c@figure=\count85
\c@table=\count86
\abovecaptionskip=\skip41
\belowcaptionskip=\skip42
\bibindent=\dimen102
)
(c:/texlive/2015/texmf-dist/tex/latex/graphics/graphicx.sty
Package: graphicx 2014/10/28 v1.0g Enhanced LaTeX Graphics (DPC,SPQR)

(c:/texlive/2015/texmf-dist/tex/latex/graphics/keyval.sty
Package: keyval 2014/10/28 v1.15 key=value parser (DPC)
\KV@toks@=\toks14
)
(c:/texlive/2015/texmf-dist/tex/latex/graphics/graphics.sty
Package: graphics 2016/01/03 v1.0q Standard LaTeX Graphics (DPC,SPQR)

(c:/texlive/2015/texmf-dist/tex/latex/graphics/trig.sty
Package: trig 2016/01/03 v1.10 sin cos tan (DPC)
)
(c:/texlive/2015/texmf-dist/tex/latex/latexconfig/graphics.cfg
File: graphics.cfg 2010/04/23 v1.9 graphics configuration of TeX Live
)
Package graphics Info: Driver file: pdftex.def on input line 95.

(c:/texlive/2015/texmf-dist/tex/latex/pdftex-def/pdftex.def
File: pdftex.def 2011/05/27 v0.06d Graphics/color for pdfTeX

(c:/texlive/2015/texmf-dist/tex/generic/oberdiek/infwarerr.sty
Package: infwarerr 2010/04/08 v1.3 Providing info/warning/error messages (HO)
)
(c:/texlive/2015/texmf-dist/tex/generic/oberdiek/ltxcmds.sty
Package: ltxcmds 2011/11/09 v1.22 LaTeX kernel commands for general use (HO)
)
\Gread@gobject=\count87
))
\Gin@req@height=\dimen103
\Gin@req@width=\dimen104
)
(c:/texlive/2015/texmf-dist/tex/generic/babel/babel.sty
Package: babel 2016/02/24 3.9q The Babel package

(c:/texlive/2015/texmf-dist/tex/generic/babel-german/ngerman.ldf
Language: ngerman 2013/12/13 v2.7 German support for babel (new orthography)

(c:/texlive/2015/texmf-dist/tex/generic/babel-german/ngermanb.ldf
Language: ngermanb 2013/12/13 v2.7 German support for babel (new orthography)

(c:/texlive/2015/texmf-dist/tex/generic/babel/babel.def
File: babel.def 2016/02/24 3.9q Babel common definitions
\babel@savecnt=\count88
\U@D=\dimen105
)
\l@naustrian = a dialect from \language\l@ngerman 
\l@nswissgerman = a dialect from \language\l@ngerman 
Package babel Info: Making " an active character on input line 88.
))) (./vorbereitung.aux)
\openout1 = `vorbereitung.aux'.

LaTeX Font Info:    Checking defaults for OML/cmm/m/it on input line 5.
LaTeX Font Info:    ... okay on input line 5.
LaTeX Font Info:    Checking defaults for T1/cmr/m/n on input line 5.
LaTeX Font Info:    ... okay on input line 5.
LaTeX Font Info:    Checking defaults for OT1/cmr/m/n on input line 5.
LaTeX Font Info:    ... okay on input line 5.
LaTeX Font Info:    Checking defaults for OMS/cmsy/m/n on input line 5.
LaTeX Font Info:    ... okay on input line 5.
LaTeX Font Info:    Checking defaults for OMX/cmex/m/n on input line 5.
LaTeX Font Info:    ... okay on input line 5.
LaTeX Font Info:    Checking defaults for U/cmr/m/n on input line 5.
LaTeX Font Info:    ... okay on input line 5.
 (c:/texlive/2015/texmf-dist/tex/context/base/supp-pdf.mkii
[Loading MPS to PDF converter (version 2006.09.02).]
\scratchcounter=\count89
\scratchdimen=\dimen106
\scratchbox=\box26
\nofMPsegments=\count90
\nofMParguments=\count91
\everyMPshowfont=\toks15
\MPscratchCnt=\count92
\MPscratchDim=\dimen107
\MPnumerator=\count93
\makeMPintoPDFobject=\count94
\everyMPtoPDFconversion=\toks16
) (c:/texlive/2015/texmf-dist/tex/generic/oberdiek/pdftexcmds.sty
Package: pdftexcmds 2011/11/29 v0.20 Utility functions of pdfTeX for LuaTeX (HO
)

(c:/texlive/2015/texmf-dist/tex/generic/oberdiek/ifluatex.sty
Package: ifluatex 2010/03/01 v1.3 Provides the ifluatex switch (HO)
Package ifluatex Info: LuaTeX not detected.
)
(c:/texlive/2015/texmf-dist/tex/generic/oberdiek/ifpdf.sty
Package: ifpdf 2011/01/30 v2.3 Provides the ifpdf switch (HO)
Package ifpdf Info: pdfTeX in PDF mode is detected.
)
Package pdftexcmds Info: LuaTeX not detected.
Package pdftexcmds Info: \pdf@primitive is available.
Package pdftexcmds Info: \pdf@ifprimitive is available.
Package pdftexcmds Info: \pdfdraftmode found.
)
(c:/texlive/2015/texmf-dist/tex/latex/oberdiek/epstopdf-base.sty
Package: epstopdf-base 2010/02/09 v2.5 Base part for package epstopdf

(c:/texlive/2015/texmf-dist/tex/latex/oberdiek/grfext.sty
Package: grfext 2010/08/19 v1.1 Manage graphics extensions (HO)

(c:/texlive/2015/texmf-dist/tex/generic/oberdiek/kvdefinekeys.sty
Package: kvdefinekeys 2011/04/07 v1.3 Define keys (HO)
))
(c:/texlive/2015/texmf-dist/tex/latex/oberdiek/kvoptions.sty
Package: kvoptions 2011/06/30 v3.11 Key value format for package options (HO)

(c:/texlive/2015/texmf-dist/tex/generic/oberdiek/kvsetkeys.sty
Package: kvsetkeys 2012/04/25 v1.16 Key value parser (HO)

(c:/texlive/2015/texmf-dist/tex/generic/oberdiek/etexcmds.sty
Package: etexcmds 2011/02/16 v1.5 Avoid name clashes with e-TeX commands (HO)
Package etexcmds Info: Could not find \expanded.
(etexcmds)             That can mean that you are not using pdfTeX 1.50 or
(etexcmds)             that some package has redefined \expanded.
(etexcmds)             In the latter case, load this package earlier.
)))
Package grfext Info: Graphics extension search list:
(grfext)             [.png,.pdf,.jpg,.mps,.jpeg,.jbig2,.jb2,.PNG,.PDF,.JPG,.JPE
G,.JBIG2,.JB2,.eps]
(grfext)             \AppendGraphicsExtensions on input line 452.

(c:/texlive/2015/texmf-dist/tex/latex/latexconfig/epstopdf-sys.cfg
File: epstopdf-sys.cfg 2010/07/13 v1.3 Configuration of (r)epstopdf for TeX Liv
e
))
<SimulationInverter_d.png, id=1, 1150.2975pt x 390.70969pt>
File: SimulationInverter_d.png Graphic file (type png)

<use SimulationInverter_d.png>
Package pdftex.def Info: SimulationInverter_d.png used on input line 8.
(pdftex.def)             Requested size: 460.11086pt x 156.2811pt.

<SimulationInverterAC_d.png, id=3, 1151.80313pt x 388.45125pt>
File: SimulationInverterAC_d.png Graphic file (type png)

<use SimulationInverterAC_d.png>
Package pdftex.def Info: SimulationInverterAC_d.png used on input line 10.
(pdftex.def)             Requested size: 460.71309pt x 155.37773pt.

Overfull \hbox (115.11086pt too wide) in paragraph at lines 7--11
[] 
 []


Overfull \hbox (115.71309pt too wide) in paragraph at lines 7--11
[] 
 []

[1

{c:/texlive/2015/texmf-var/fonts/map/pdftex/updmap/pdftex.map} <./SimulationInv
erter_d.png> <./SimulationInverterAC_d.png>]
<SimulationNichtInverter_e.png, id=13, 1152.55594pt x 389.20406pt>
File: SimulationNichtInverter_e.png Graphic file (type png)

<use SimulationNichtInverter_e.png>
Package pdftex.def Info: SimulationNichtInverter_e.png used on input line 14.
(pdftex.def)             Requested size: 461.0142pt x 155.67886pt.

<SimulationNichtInverterAC_e.png, id=14, 1154.81438pt x 389.20406pt>
File: SimulationNichtInverterAC_e.png Graphic file (type png)

<use SimulationNichtInverterAC_e.png>
Package pdftex.def Info: SimulationNichtInverterAC_e.png used on input line 17.

(pdftex.def)             Requested size: 461.91757pt x 155.67886pt.

<SimulationNichtInverterAC_Real_f.png, id=15, 1151.05031pt x 389.20406pt>
File: SimulationNichtInverterAC_Real_f.png Graphic file (type png)

<use SimulationNichtInverterAC_Real_f.png>
Package pdftex.def Info: SimulationNichtInverterAC_Real_f.png used on input lin
e 19.
(pdftex.def)             Requested size: 460.41197pt x 155.67886pt.

<SimulationNichtInverterAC_Real_h_5.png, id=16, 1151.80313pt x 390.70969pt>
File: SimulationNichtInverterAC_Real_h_5.png Graphic file (type png)

<use SimulationNichtInverterAC_Real_h_5.png>
Package pdftex.def Info: SimulationNichtInverterAC_Real_h_5.png used on input l
ine 21.
(pdftex.def)             Requested size: 460.71309pt x 156.2811pt.

<SimulationNichtInverterAC_Real_h_50.png, id=17, 1145.02782pt x 390.70969pt>
File: SimulationNichtInverterAC_Real_h_50.png Graphic file (type png)

<use SimulationNichtInverterAC_Real_h_50.png>
Package pdftex.def Info: SimulationNichtInverterAC_Real_h_50.png used on input 
line 23.
(pdftex.def)             Requested size: 458.00302pt x 156.2811pt.

Overfull \hbox (116.0142pt too wide) in paragraph at lines 13--24
[] 
 []


Overfull \hbox (116.91757pt too wide) in paragraph at lines 13--24
[]
 []


Overfull \hbox (115.41197pt too wide) in paragraph at lines 13--24
[]
 []


Overfull \hbox (115.71309pt too wide) in paragraph at lines 13--24
[] 
 []


Overfull \hbox (113.00302pt too wide) in paragraph at lines 13--24
[] 
 []

[2 <./SimulationNichtInverter_e.png> <./SimulationNichtInverterAC_e.png> <./Sim
ulationNichtInverterAC_Real_f.png>]
<SimulationInverter_a).png, id=22, 735.49782pt x 469.00218pt>
File: SimulationInverter_a).png Graphic file (type png)

<use SimulationInverter_a).png>
Package pdftex.def Info: SimulationInverter_a).png used on input line 26.
(pdftex.def)             Requested size: 441.3021pt x 281.40347pt.

<SimulationInverter_a)_1.png, id=23, 756.57657pt x 483.30562pt>
File: SimulationInverter_a)_1.png Graphic file (type png)

<use SimulationInverter_a)_1.png>
Package pdftex.def Info: SimulationInverter_a)_1.png used on input line 28.
(pdftex.def)             Requested size: 453.94945pt x 289.98561pt.

Overfull \hbox (96.3021pt too wide) in paragraph at lines 26--29
[] 
 []


Overfull \hbox (108.94945pt too wide) in paragraph at lines 26--29
[] 
 []

[3 <./SimulationNichtInverterAC_Real_h_5.png> <./SimulationNichtInverterAC_Real
_h_50.png>] [4 <./SimulationInverter_a).png>] [5 <./SimulationInverter_a)_1.png
>] (./vorbereitung.aux) ) 
Here is how much of TeX's memory you used:
 1970 strings out of 493027
 28323 string characters out of 6137684
 89787 words of memory out of 5000000
 5507 multiletter control sequences out of 15000+600000
 4245 words of font info for 16 fonts, out of 8000000 for 9000
 1141 hyphenation exceptions out of 8191
 38i,5n,23p,253b,121s stack positions out of 5000i,500n,10000p,200000b,80000s
<c:/texlive/2015/texmf-dist/fonts/type1/public/amsfont
s/cm/cmbx12.pfb><c:/texlive/2015/texmf-dist/fonts/type1/public/amsfonts/cm/cmr1
0.pfb>
Output written on vorbereitung.pdf (5 pages, 147914 bytes).
PDF statistics:
 41 PDF objects out of 1000 (max. 8388607)
 19 compressed objects within 1 object stream
 0 named destinations out of 1000 (max. 500000)
 46 words of extra memory for PDF output out of 10000 (max. 10000000)

