This is pdfTeX, Version 3.14159265-2.6-1.40.16 (TeX Live 2015/W32TeX) (preloaded format=pdflatex 2016.5.13)  31 OCT 2016 20:16
entering extended mode
 restricted \write18 enabled.
 %&-line parsing enabled.
**./praktikum1.tex
(./praktikum1.tex
LaTeX2e <2016/03/31>
Babel <3.9q> and hyphenation patterns for 81 language(s) loaded.
(c:/texlive/2015/texmf-dist/tex/latex/base/article.cls
Document Class: article 2014/09/29 v1.4h Standard LaTeX document class
(c:/texlive/2015/texmf-dist/tex/latex/base/size10.clo
File: size10.clo 2014/09/29 v1.4h Standard LaTeX file (size option)
)
\c@part=\count79
\c@section=\count80
\c@subsection=\count81
\c@subsubsection=\count82
\c@paragraph=\count83
\c@subparagraph=\count84
\c@figure=\count85
\c@table=\count86
\abovecaptionskip=\skip41
\belowcaptionskip=\skip42
\bibindent=\dimen102
)
(c:/texlive/2015/texmf-dist/tex/latex/graphics/graphicx.sty
Package: graphicx 2014/10/28 v1.0g Enhanced LaTeX Graphics (DPC,SPQR)

(c:/texlive/2015/texmf-dist/tex/latex/graphics/keyval.sty
Package: keyval 2014/10/28 v1.15 key=value parser (DPC)
\KV@toks@=\toks14
)
(c:/texlive/2015/texmf-dist/tex/latex/graphics/graphics.sty
Package: graphics 2016/01/03 v1.0q Standard LaTeX Graphics (DPC,SPQR)

(c:/texlive/2015/texmf-dist/tex/latex/graphics/trig.sty
Package: trig 2016/01/03 v1.10 sin cos tan (DPC)
)
(c:/texlive/2015/texmf-dist/tex/latex/latexconfig/graphics.cfg
File: graphics.cfg 2010/04/23 v1.9 graphics configuration of TeX Live
)
Package graphics Info: Driver file: pdftex.def on input line 95.

(c:/texlive/2015/texmf-dist/tex/latex/pdftex-def/pdftex.def
File: pdftex.def 2011/05/27 v0.06d Graphics/color for pdfTeX

(c:/texlive/2015/texmf-dist/tex/generic/oberdiek/infwarerr.sty
Package: infwarerr 2010/04/08 v1.3 Providing info/warning/error messages (HO)
)
(c:/texlive/2015/texmf-dist/tex/generic/oberdiek/ltxcmds.sty
Package: ltxcmds 2011/11/09 v1.22 LaTeX kernel commands for general use (HO)
)
\Gread@gobject=\count87
))
\Gin@req@height=\dimen103
\Gin@req@width=\dimen104
)
(c:/texlive/2015/texmf-dist/tex/latex/sidecap/sidecap.sty
Package: sidecap 2003/06/06 v1.6f SideCap Package (RN/HjG)

(c:/texlive/2015/texmf-dist/tex/latex/base/ifthen.sty
Package: ifthen 2014/09/29 v1.1c Standard LaTeX ifthen package (DPC)
)
\SC@BOXWD=\dimen105
\SC@CAPWD=\dimen106
\SC@tempdima=\dimen107
\SC@tempdimb=\dimen108
\c@SC@C=\count88
\SC@BOX=\box26
) (./praktikum1.aux)
\openout1 = `praktikum1.aux'.

LaTeX Font Info:    Checking defaults for OML/cmm/m/it on input line 5.
LaTeX Font Info:    ... okay on input line 5.
LaTeX Font Info:    Checking defaults for T1/cmr/m/n on input line 5.
LaTeX Font Info:    ... okay on input line 5.
LaTeX Font Info:    Checking defaults for OT1/cmr/m/n on input line 5.
LaTeX Font Info:    ... okay on input line 5.
LaTeX Font Info:    Checking defaults for OMS/cmsy/m/n on input line 5.
LaTeX Font Info:    ... okay on input line 5.
LaTeX Font Info:    Checking defaults for OMX/cmex/m/n on input line 5.
LaTeX Font Info:    ... okay on input line 5.
LaTeX Font Info:    Checking defaults for U/cmr/m/n on input line 5.
LaTeX Font Info:    ... okay on input line 5.

(c:/texlive/2015/texmf-dist/tex/context/base/supp-pdf.mkii
[Loading MPS to PDF converter (version 2006.09.02).]
\scratchcounter=\count89
\scratchdimen=\dimen109
\scratchbox=\box27
\nofMPsegments=\count90
\nofMParguments=\count91
\everyMPshowfont=\toks15
\MPscratchCnt=\count92
\MPscratchDim=\dimen110
\MPnumerator=\count93
\makeMPintoPDFobject=\count94
\everyMPtoPDFconversion=\toks16
) (c:/texlive/2015/texmf-dist/tex/generic/oberdiek/pdftexcmds.sty
Package: pdftexcmds 2011/11/29 v0.20 Utility functions of pdfTeX for LuaTeX (HO
)

(c:/texlive/2015/texmf-dist/tex/generic/oberdiek/ifluatex.sty
Package: ifluatex 2010/03/01 v1.3 Provides the ifluatex switch (HO)
Package ifluatex Info: LuaTeX not detected.
)
(c:/texlive/2015/texmf-dist/tex/generic/oberdiek/ifpdf.sty
Package: ifpdf 2011/01/30 v2.3 Provides the ifpdf switch (HO)
Package ifpdf Info: pdfTeX in PDF mode is detected.
)
Package pdftexcmds Info: LuaTeX not detected.
Package pdftexcmds Info: \pdf@primitive is available.
Package pdftexcmds Info: \pdf@ifprimitive is available.
Package pdftexcmds Info: \pdfdraftmode found.
)
(c:/texlive/2015/texmf-dist/tex/latex/oberdiek/epstopdf-base.sty
Package: epstopdf-base 2010/02/09 v2.5 Base part for package epstopdf

(c:/texlive/2015/texmf-dist/tex/latex/oberdiek/grfext.sty
Package: grfext 2010/08/19 v1.1 Manage graphics extensions (HO)

(c:/texlive/2015/texmf-dist/tex/generic/oberdiek/kvdefinekeys.sty
Package: kvdefinekeys 2011/04/07 v1.3 Define keys (HO)
))
(c:/texlive/2015/texmf-dist/tex/latex/oberdiek/kvoptions.sty
Package: kvoptions 2011/06/30 v3.11 Key value format for package options (HO)

(c:/texlive/2015/texmf-dist/tex/generic/oberdiek/kvsetkeys.sty
Package: kvsetkeys 2012/04/25 v1.16 Key value parser (HO)

(c:/texlive/2015/texmf-dist/tex/generic/oberdiek/etexcmds.sty
Package: etexcmds 2011/02/16 v1.5 Avoid name clashes with e-TeX commands (HO)
Package etexcmds Info: Could not find \expanded.
(etexcmds)             That can mean that you are not using pdfTeX 1.50 or
(etexcmds)             that some package has redefined \expanded.
(etexcmds)             In the latter case, load this package earlier.
)))
Package grfext Info: Graphics extension search list:
(grfext)             [.png,.pdf,.jpg,.mps,.jpeg,.jbig2,.jb2,.PNG,.PDF,.JPG,.JPE
G,.JBIG2,.JB2,.eps]
(grfext)             \AppendGraphicsExtensions on input line 452.

(c:/texlive/2015/texmf-dist/tex/latex/latexconfig/epstopdf-sys.cfg
File: epstopdf-sys.cfg 2010/07/13 v1.3 Configuration of (r)epstopdf for TeX Liv
e
))
(c:/texlive/2015/texmf-dist/tex/latex/ms/ragged2e.sty
Package: ragged2e 2009/05/21 v2.1 ragged2e Package (MS)

(c:/texlive/2015/texmf-dist/tex/latex/ms/everysel.sty
Package: everysel 2011/10/28 v1.2 EverySelectfont Package (MS)

ABD: EverySelectfont initializing macros
LaTeX Info: Redefining \selectfont on input line 126.
)
\CenteringLeftskip=\skip43
\RaggedLeftLeftskip=\skip44
\RaggedRightLeftskip=\skip45
\CenteringRightskip=\skip46
\RaggedLeftRightskip=\skip47
\RaggedRightRightskip=\skip48
\CenteringParfillskip=\skip49
\RaggedLeftParfillskip=\skip50
\RaggedRightParfillskip=\skip51
\JustifyingParfillskip=\skip52
\CenteringParindent=\skip53
\RaggedLeftParindent=\skip54
\RaggedRightParindent=\skip55
\JustifyingParindent=\skip56
)
<SchaltungVersuch1.png, id=1, 476.53032pt x 190.46156pt>
File: SchaltungVersuch1.png Graphic file (type png)

<use SchaltungVersuch1.png>
Package pdftex.def Info: SchaltungVersuch1.png used on input line 10.
(pdftex.def)             Requested size: 571.83353pt x 228.5527pt.

Overfull \hbox (101.01834pt too wide) in paragraph at lines 9--11
[]  [] 
 []

<Versuch231.png, id=2, 1155.56718pt x 392.21532pt>
File: Versuch231.png Graphic file (type png)
 <use Versuch231.png>
Package pdftex.def Info: Versuch231.png used on input line 23.
(pdftex.def)             Requested size: 577.78218pt x 196.10718pt.

Overfull \hbox (121.19337pt too wide) in paragraph at lines 22--24
[]  [] 
 []

<Versuch231Vergrerteauschnit.png, id=3, 1155.56718pt x 394.47375pt>
File: Versuch231Vergrerteauschnit.png Graphic file (type png)

<use Versuch231Vergrerteauschnit.png>
Package pdftex.def Info: Versuch231Vergrerteauschnit.png used on input line 31.

(pdftex.def)             Requested size: 577.78218pt x 197.23639pt.

Overfull \hbox (106.967pt too wide) in paragraph at lines 30--32
[]  [] 
 []

<Versuch34100hz.png, id=4, 1157.07281pt x 395.22656pt>
File: Versuch34100hz.png Graphic file (type png)

<use Versuch34100hz.png>
Package pdftex.def Info: Versuch34100hz.png used on input line 39.
(pdftex.def)             Requested size: 578.535pt x 197.6128pt.

Overfull \hbox (107.71982pt too wide) in paragraph at lines 38--40
[]  [] 
 []

<Versuch3410kh.png, id=5, 1155.56718pt x 392.96812pt>
File: Versuch3410kh.png Graphic file (type png)
 <use Versuch3410kh.png>
Package pdftex.def Info: Versuch3410kh.png used on input line 48.
(pdftex.def)             Requested size: 577.78218pt x 196.48357pt.

Overfull \hbox (106.967pt too wide) in paragraph at lines 47--49
[]  [] 
 []

[1

{c:/texlive/2015/texmf-var/fonts/map/pdftex/updmap/pdftex.map} <./SchaltungVers
uch1.png> <./Versuch231.png>] [2 <./Versuch231Vergrerteauschnit.png> <./Versuch
34100hz.png>] <SchaltungAbbildung33.png, id=15, 502.87875pt x 328.97906pt>
File: SchaltungAbbildung33.png Graphic file (type png)

<use SchaltungAbbildung33.png>
Package pdftex.def Info: SchaltungAbbildung33.png used on input line 55.
(pdftex.def)             Requested size: 603.45148pt x 394.7729pt.

Overfull \hbox (132.63629pt too wide) in paragraph at lines 54--56
[]  [] 
 []

<Versuch1UAabhangigUE.png, id=16, 1157.07281pt x 393.72093pt>
File: Versuch1UAabhangigUE.png Graphic file (type png)

<use Versuch1UAabhangigUE.png>
Package pdftex.def Info: Versuch1UAabhangigUE.png used on input line 62.
(pdftex.def)             Requested size: 578.535pt x 196.85999pt.

Overfull \hbox (113.4103pt too wide) in paragraph at lines 61--63
[]  [] 
 []

<Versuch1UAabhangigR2.png, id=17, 1157.82562pt x 395.97937pt>
File: Versuch1UAabhangigR2.png Graphic file (type png)

<use Versuch1UAabhangigR2.png>
Package pdftex.def Info: Versuch1UAabhangigR2.png used on input line 68.
(pdftex.def)             Requested size: 578.91139pt x 197.9892pt.

Overfull \hbox (113.78668pt too wide) in paragraph at lines 67--69
[]  [] 
 []

File: Versuch1UAabhangigUE.png Graphic file (type png)
<use Versuch1UAabhangigUE.png>
Package pdftex.def Info: Versuch1UAabhangigUE.png used on input line 74.
(pdftex.def)             Requested size: 578.535pt x 196.85999pt.

Overfull \hbox (113.4103pt too wide) in paragraph at lines 73--75
[]  [] 
 []

<Versuch222.png, id=18, 1146.53343pt x 426.84468pt>
File: Versuch222.png Graphic file (type png)
 <use Versuch222.png>
Package pdftex.def Info: Versuch222.png used on input line 83.
(pdftex.def)             Requested size: 573.26532pt x 213.42181pt.

Overfull \hbox (108.14061pt too wide) in paragraph at lines 82--84
[]  [] 
 []

[3 <./Versuch3410kh.png>] [4 <./SchaltungAbbildung33.png>] [5 <./Versuch1UAabha
ngigUE.png> <./Versuch1UAabhangigR2.png>] [6 <./Versuch222.png>]
(./praktikum1.aux) ) 
Here is how much of TeX's memory you used:
 1717 strings out of 493027
 25069 string characters out of 6137684
 82083 words of memory out of 5000000
 5257 multiletter control sequences out of 15000+600000
 3640 words of font info for 14 fonts, out of 8000000 for 9000
 1141 hyphenation exceptions out of 8191
 38i,6n,23p,244b,216s stack positions out of 5000i,500n,10000p,200000b,80000s
<c:/texlive/2015/texmf-dist/fonts/type1/public/amsfonts/cm/
cmr10.pfb>
Output written on praktikum1.pdf (6 pages, 189681 bytes).
PDF statistics:
 38 PDF objects out of 1000 (max. 8388607)
 18 compressed objects within 1 object stream
 0 named destinations out of 1000 (max. 500000)
 46 words of extra memory for PDF output out of 10000 (max. 10000000)

