This is pdfTeX, Version 3.14159265-2.6-1.40.16 (TeX Live 2015/W32TeX) (preloaded format=pdflatex 2016.5.13)  18 NOV 2016 13:28
entering extended mode
 restricted \write18 enabled.
 %&-line parsing enabled.
**./praktikum2.tex
(./praktikum2.tex
LaTeX2e <2016/03/31>
Babel <3.9q> and hyphenation patterns for 81 language(s) loaded.
(c:/texlive/2015/texmf-dist/tex/latex/base/article.cls
Document Class: article 2014/09/29 v1.4h Standard LaTeX document class
(c:/texlive/2015/texmf-dist/tex/latex/base/size10.clo
File: size10.clo 2014/09/29 v1.4h Standard LaTeX file (size option)
)
\c@part=\count79
\c@section=\count80
\c@subsection=\count81
\c@subsubsection=\count82
\c@paragraph=\count83
\c@subparagraph=\count84
\c@figure=\count85
\c@table=\count86
\abovecaptionskip=\skip41
\belowcaptionskip=\skip42
\bibindent=\dimen102
) (./package.tex
(c:/texlive/2015/texmf-dist/tex/generic/babel/babel.sty
Package: babel 2016/02/24 3.9q The Babel package

(c:/texlive/2015/texmf-dist/tex/generic/babel-german/ngerman.ldf
Language: ngerman 2013/12/13 v2.7 German support for babel (new orthography)

(c:/texlive/2015/texmf-dist/tex/generic/babel-german/ngermanb.ldf
Language: ngermanb 2013/12/13 v2.7 German support for babel (new orthography)

(c:/texlive/2015/texmf-dist/tex/generic/babel/babel.def
File: babel.def 2016/02/24 3.9q Babel common definitions
\babel@savecnt=\count87
\U@D=\dimen103
)
\l@naustrian = a dialect from \language\l@ngerman 
\l@nswissgerman = a dialect from \language\l@ngerman 
Package babel Info: Making " an active character on input line 88.
)))
(c:/texlive/2015/texmf-dist/tex/latex/graphics/graphicx.sty
Package: graphicx 2014/10/28 v1.0g Enhanced LaTeX Graphics (DPC,SPQR)

(c:/texlive/2015/texmf-dist/tex/latex/graphics/keyval.sty
Package: keyval 2014/10/28 v1.15 key=value parser (DPC)
\KV@toks@=\toks14
)
(c:/texlive/2015/texmf-dist/tex/latex/graphics/graphics.sty
Package: graphics 2016/01/03 v1.0q Standard LaTeX Graphics (DPC,SPQR)

(c:/texlive/2015/texmf-dist/tex/latex/graphics/trig.sty
Package: trig 2016/01/03 v1.10 sin cos tan (DPC)
)
(c:/texlive/2015/texmf-dist/tex/latex/latexconfig/graphics.cfg
File: graphics.cfg 2010/04/23 v1.9 graphics configuration of TeX Live
)
Package graphics Info: Driver file: pdftex.def on input line 95.

(c:/texlive/2015/texmf-dist/tex/latex/pdftex-def/pdftex.def
File: pdftex.def 2011/05/27 v0.06d Graphics/color for pdfTeX

(c:/texlive/2015/texmf-dist/tex/generic/oberdiek/infwarerr.sty
Package: infwarerr 2010/04/08 v1.3 Providing info/warning/error messages (HO)
)
(c:/texlive/2015/texmf-dist/tex/generic/oberdiek/ltxcmds.sty
Package: ltxcmds 2011/11/09 v1.22 LaTeX kernel commands for general use (HO)
)
\Gread@gobject=\count88
))
\Gin@req@height=\dimen104
\Gin@req@width=\dimen105
)
(c:/texlive/2015/texmf-dist/tex/latex/amsmath/amsmath.sty
Package: amsmath 2016/03/10 v2.15b AMS math features
\@mathmargin=\skip43

For additional information on amsmath, use the `?' option.
(c:/texlive/2015/texmf-dist/tex/latex/amsmath/amstext.sty
Package: amstext 2000/06/29 v2.01 AMS text

(c:/texlive/2015/texmf-dist/tex/latex/amsmath/amsgen.sty
File: amsgen.sty 1999/11/30 v2.0 generic functions
\@emptytoks=\toks15
\ex@=\dimen106
))
(c:/texlive/2015/texmf-dist/tex/latex/amsmath/amsbsy.sty
Package: amsbsy 1999/11/29 v1.2d Bold Symbols
\pmbraise@=\dimen107
)
(c:/texlive/2015/texmf-dist/tex/latex/amsmath/amsopn.sty
Package: amsopn 2016/03/08 v2.02 operator names
)
\inf@bad=\count89
LaTeX Info: Redefining \frac on input line 199.
\uproot@=\count90
\leftroot@=\count91
LaTeX Info: Redefining \overline on input line 297.
\classnum@=\count92
\DOTSCASE@=\count93
LaTeX Info: Redefining \ldots on input line 394.
LaTeX Info: Redefining \dots on input line 397.
LaTeX Info: Redefining \cdots on input line 518.
\Mathstrutbox@=\box26
\strutbox@=\box27
\big@size=\dimen108
LaTeX Font Info:    Redeclaring font encoding OML on input line 634.
LaTeX Font Info:    Redeclaring font encoding OMS on input line 635.
\macc@depth=\count94
\c@MaxMatrixCols=\count95
\dotsspace@=\muskip10
\c@parentequation=\count96
\dspbrk@lvl=\count97
\tag@help=\toks16
\row@=\count98
\column@=\count99
\maxfields@=\count100
\andhelp@=\toks17
\eqnshift@=\dimen109
\alignsep@=\dimen110
\tagshift@=\dimen111
\tagwidth@=\dimen112
\totwidth@=\dimen113
\lineht@=\dimen114
\@envbody=\toks18
\multlinegap=\skip44
\multlinetaggap=\skip45
\mathdisplay@stack=\toks19
LaTeX Info: Redefining \[ on input line 2739.
LaTeX Info: Redefining \] on input line 2740.
)
(c:/texlive/2015/texmf-dist/tex/latex/fancyhdr/fancyhdr.sty
\fancy@headwidth=\skip46
\f@ncyO@elh=\skip47
\f@ncyO@erh=\skip48
\f@ncyO@olh=\skip49
\f@ncyO@orh=\skip50
\f@ncyO@elf=\skip51
\f@ncyO@erf=\skip52
\f@ncyO@olf=\skip53
\f@ncyO@orf=\skip54
))
(c:/texlive/2015/texmf-dist/tex/latex/geometry/geometry.sty
Package: geometry 2010/09/12 v5.6 Page Geometry

(c:/texlive/2015/texmf-dist/tex/generic/oberdiek/ifpdf.sty
Package: ifpdf 2011/01/30 v2.3 Provides the ifpdf switch (HO)
Package ifpdf Info: pdfTeX in PDF mode is detected.
)
(c:/texlive/2015/texmf-dist/tex/generic/oberdiek/ifvtex.sty
Package: ifvtex 2010/03/01 v1.5 Detect VTeX and its facilities (HO)
Package ifvtex Info: VTeX not detected.
)
(c:/texlive/2015/texmf-dist/tex/generic/ifxetex/ifxetex.sty
Package: ifxetex 2010/09/12 v0.6 Provides ifxetex conditional
)
\Gm@cnth=\count101
\Gm@cntv=\count102
\c@Gm@tempcnt=\count103
\Gm@bindingoffset=\dimen115
\Gm@wd@mp=\dimen116
\Gm@odd@mp=\dimen117
\Gm@even@mp=\dimen118
\Gm@layoutwidth=\dimen119
\Gm@layoutheight=\dimen120
\Gm@layouthoffset=\dimen121
\Gm@layoutvoffset=\dimen122
\Gm@dimlist=\toks20
) (./praktikum2.aux)
\openout1 = `praktikum2.aux'.

LaTeX Font Info:    Checking defaults for OML/cmm/m/it on input line 5.
LaTeX Font Info:    ... okay on input line 5.
LaTeX Font Info:    Checking defaults for T1/cmr/m/n on input line 5.
LaTeX Font Info:    ... okay on input line 5.
LaTeX Font Info:    Checking defaults for OT1/cmr/m/n on input line 5.
LaTeX Font Info:    ... okay on input line 5.
LaTeX Font Info:    Checking defaults for OMS/cmsy/m/n on input line 5.
LaTeX Font Info:    ... okay on input line 5.
LaTeX Font Info:    Checking defaults for OMX/cmex/m/n on input line 5.
LaTeX Font Info:    ... okay on input line 5.
LaTeX Font Info:    Checking defaults for U/cmr/m/n on input line 5.
LaTeX Font Info:    ... okay on input line 5.
 (c:/texlive/2015/texmf-dist/tex/context/base/supp-pdf.mkii
[Loading MPS to PDF converter (version 2006.09.02).]
\scratchcounter=\count104
\scratchdimen=\dimen123
\scratchbox=\box28
\nofMPsegments=\count105
\nofMParguments=\count106
\everyMPshowfont=\toks21
\MPscratchCnt=\count107
\MPscratchDim=\dimen124
\MPnumerator=\count108
\makeMPintoPDFobject=\count109
\everyMPtoPDFconversion=\toks22
) (c:/texlive/2015/texmf-dist/tex/generic/oberdiek/pdftexcmds.sty
Package: pdftexcmds 2011/11/29 v0.20 Utility functions of pdfTeX for LuaTeX (HO
)

(c:/texlive/2015/texmf-dist/tex/generic/oberdiek/ifluatex.sty
Package: ifluatex 2010/03/01 v1.3 Provides the ifluatex switch (HO)
Package ifluatex Info: LuaTeX not detected.
)
Package pdftexcmds Info: LuaTeX not detected.
Package pdftexcmds Info: \pdf@primitive is available.
Package pdftexcmds Info: \pdf@ifprimitive is available.
Package pdftexcmds Info: \pdfdraftmode found.
)
(c:/texlive/2015/texmf-dist/tex/latex/oberdiek/epstopdf-base.sty
Package: epstopdf-base 2010/02/09 v2.5 Base part for package epstopdf

(c:/texlive/2015/texmf-dist/tex/latex/oberdiek/grfext.sty
Package: grfext 2010/08/19 v1.1 Manage graphics extensions (HO)

(c:/texlive/2015/texmf-dist/tex/generic/oberdiek/kvdefinekeys.sty
Package: kvdefinekeys 2011/04/07 v1.3 Define keys (HO)
))
(c:/texlive/2015/texmf-dist/tex/latex/oberdiek/kvoptions.sty
Package: kvoptions 2011/06/30 v3.11 Key value format for package options (HO)

(c:/texlive/2015/texmf-dist/tex/generic/oberdiek/kvsetkeys.sty
Package: kvsetkeys 2012/04/25 v1.16 Key value parser (HO)

(c:/texlive/2015/texmf-dist/tex/generic/oberdiek/etexcmds.sty
Package: etexcmds 2011/02/16 v1.5 Avoid name clashes with e-TeX commands (HO)
Package etexcmds Info: Could not find \expanded.
(etexcmds)             That can mean that you are not using pdfTeX 1.50 or
(etexcmds)             that some package has redefined \expanded.
(etexcmds)             In the latter case, load this package earlier.
)))
Package grfext Info: Graphics extension search list:
(grfext)             [.png,.pdf,.jpg,.mps,.jpeg,.jbig2,.jb2,.PNG,.PDF,.JPG,.JPE
G,.JBIG2,.JB2,.eps]
(grfext)             \AppendGraphicsExtensions on input line 452.

(c:/texlive/2015/texmf-dist/tex/latex/latexconfig/epstopdf-sys.cfg
File: epstopdf-sys.cfg 2010/07/13 v1.3 Configuration of (r)epstopdf for TeX Liv
e
))
*geometry* driver: auto-detecting
*geometry* detected driver: pdftex
*geometry* verbose mode - [ preamble ] result:
* driver: pdftex
* paper: a4paper
* layout: <same size as paper>
* layoutoffset:(h,v)=(0.0pt,0.0pt)
* modes: 
* h-part:(L,W,R)=(63.87643pt, 469.75499pt, 63.87645pt)
* v-part:(T,H,B)=(77.84674pt, 650.43pt, 116.77011pt)
* \paperwidth=597.50787pt
* \paperheight=845.04684pt
* \textwidth=469.75499pt
* \textheight=650.43pt
* \oddsidemargin=-8.39355pt
* \evensidemargin=-8.39355pt
* \topmargin=-31.42325pt
* \headheight=12.0pt
* \headsep=25.0pt
* \topskip=10.0pt
* \footskip=30.0pt
* \marginparwidth=65.0pt
* \marginparsep=11.0pt
* \columnsep=10.0pt
* \skip\footins=9.0pt plus 4.0pt minus 2.0pt
* \hoffset=0.0pt
* \voffset=0.0pt
* \mag=1000
* \@twocolumnfalse
* \@twosidefalse
* \@mparswitchfalse
* \@reversemarginfalse
* (1in=72.27pt=25.4mm, 1cm=28.453pt)

*geometry* verbose mode - [ newgeometry ] result:
* driver: pdftex
* paper: a4paper
* layout: <same size as paper>
* layoutoffset:(h,v)=(0.0pt,0.0pt)
* modes: 
* h-part:(L,W,R)=(113.81102pt, 369.88583pt, 113.81102pt)
* v-part:(T,H,B)=(170.71652pt, 560.5193pt, 113.81102pt)
* \paperwidth=597.50787pt
* \paperheight=845.04684pt
* \textwidth=369.88583pt
* \textheight=560.5193pt
* \oddsidemargin=41.54103pt
* \evensidemargin=41.54103pt
* \topmargin=61.44653pt
* \headheight=12.0pt
* \headsep=25.0pt
* \topskip=10.0pt
* \footskip=30.0pt
* \marginparwidth=65.0pt
* \marginparsep=11.0pt
* \columnsep=10.0pt
* \skip\footins=9.0pt plus 4.0pt minus 2.0pt
* \hoffset=0.0pt
* \voffset=0.0pt
* \mag=1000
* \@twocolumnfalse
* \@twosidefalse
* \@mparswitchfalse
* \@reversemarginfalse
* (1in=72.27pt=25.4mm, 1cm=28.453pt)

(./praktikum2.toc)
\tf@toc=\write3
\openout3 = `praktikum2.toc'.

 (./pagestyle.tex)

Package Fancyhdr Warning: \headheight is too small (12.0pt): 
 Make it at least 22.54448pt.
 We now make it that large for the rest of the document.
 This may cause the page layout to be inconsistent, however.

[1{c:/texlive/2015/texmf-var/fonts/map/pdftex/updmap/pdftex.map}


]
(./Versuch1-DiodenKennlinien.tex
Missing character: There is no Ã in font cmr10!
Missing character: There is no ¼ in font cmr10!

<schaltungVersuch1.png, id=9, 494.59781pt x 287.57437pt>
File: schaltungVersuch1.png Graphic file (type png)

<use schaltungVersuch1.png>
Package pdftex.def Info: schaltungVersuch1.png used on input line 8.
(pdftex.def)             Requested size: 197.8356pt x 115.02771pt.

<bilder/Versuch2/siDiode.jpg, id=11, 256.96pt x 192.72pt>
File: bilder/Versuch2/siDiode.jpg Graphic file (type jpg)

<use bilder/Versuch2/siDiode.jpg>
Package pdftex.def Info: bilder/Versuch2/siDiode.jpg used on input line 39.
(pdftex.def)             Requested size: 154.17719pt x 115.63287pt.

Overfull \hbox (6.22511pt too wide) in paragraph at lines 39--40
 [] 
 []


Underfull \hbox (badness 10000) in paragraph at lines 40--40
[]\OT1/cmr/m/n/10 Abbildung 2: Strom-
 []

<bilder/Versuch2/SchottkyDiode.jpg, id=12, 256.96pt x 192.72pt>
File: bilder/Versuch2/SchottkyDiode.jpg Graphic file (type jpg)

<use bilder/Versuch2/SchottkyDiode.jpg>
Package pdftex.def Info: bilder/Versuch2/SchottkyDiode.jpg used on input line 4
6.
(pdftex.def)             Requested size: 154.17719pt x 115.63287pt.

Overfull \hbox (6.22511pt too wide) in paragraph at lines 46--47
 [] 
 []


Underfull \hbox (badness 10000) in paragraph at lines 47--47
[]\OT1/cmr/m/n/10 Abbildung 3: Strom-
 []


Underfull \hbox (badness 10000) in paragraph at lines 47--47
\OT1/cmr/m/n/10 Spannungskennlinie \OT1/cmr/bx/n/10 Schottky-
 []

<bilder/Versuch2/zDiode.jpg, id=13, 256.96pt x 192.72pt>
File: bilder/Versuch2/zDiode.jpg Graphic file (type jpg)

<use bilder/Versuch2/zDiode.jpg>
Package pdftex.def Info: bilder/Versuch2/zDiode.jpg used on input line 54.
(pdftex.def)             Requested size: 154.17719pt x 115.63287pt.

Overfull \hbox (6.22511pt too wide) in paragraph at lines 54--55
[][] 
 []


Underfull \hbox (badness 10000) in paragraph at lines 55--55
[]\OT1/cmr/m/n/10 Abbildung 4: Strom-
 []


Underfull \hbox (badness 10000) in paragraph at lines 33--62

 []

[2 <./schaltungVersuch1.png>]
<bilder/Versuch2/kuhlsiDiode.jpg, id=22, 256.96pt x 192.72pt>
File: bilder/Versuch2/kuhlsiDiode.jpg Graphic file (type jpg)

<use bilder/Versuch2/kuhlsiDiode.jpg>
Package pdftex.def Info: bilder/Versuch2/kuhlsiDiode.jpg used on input line 69.

(pdftex.def)             Requested size: 256.95937pt x 192.71951pt.
) (./Vresuch2-EinwegGleichrichter.tex
[3 <./bilder/Versuch2/siDiode.jpg> <./bilder/Versuch2/SchottkyDiode.jpg> <./bil
der/Versuch2/zDiode.jpg>]
<schaltungVersuch2.png, id=27, 297.36093pt x 191.21437pt>
File: schaltungVersuch2.png Graphic file (type png)

<use schaltungVersuch2.png>
Package pdftex.def Info: schaltungVersuch2.png used on input line 7.
(pdftex.def)             Requested size: 148.6801pt x 95.60695pt.
 <Bilder/TEK0006.jpg, id=28, 256.96pt x 192.72pt>
File: Bilder/TEK0006.jpg Graphic file (type jpg)

<use Bilder/TEK0006.jpg>
Package pdftex.def Info: Bilder/TEK0006.jpg used on input line 16.
(pdftex.def)             Requested size: 184.94292pt x 138.70828pt.
) (./Versuch3-GraetzGleichrichter.tex
<schaltungVersuch3.png, id=29, 698.61pt x 332.74312pt>
File: schaltungVersuch3.png Graphic file (type png)

<use schaltungVersuch3.png>
Package pdftex.def Info: schaltungVersuch3.png used on input line 6.
(pdftex.def)             Requested size: 279.43904pt x 133.09488pt.
 [4 <./bilder/Versuch2/kuhlsiDiode.jpg>]

LaTeX Warning: `!h' float specifier changed to `!ht'.

[5 <./schaltungVersuch2.png> <./Bilder/TEK0006.jpg>]
<bilder/Versuch2/ohnekondensator.jpg, id=38, 256.96pt x 192.72pt>
File: bilder/Versuch2/ohnekondensator.jpg Graphic file (type jpg)

<use bilder/Versuch2/ohnekondensator.jpg>
Package pdftex.def Info: bilder/Versuch2/ohnekondensator.jpg used on input line
 15.
(pdftex.def)             Requested size: 154.17719pt x 115.63287pt.

Underfull \hbox (badness 1354) in paragraph at lines 16--16
[]\OT1/cmr/m/n/10 Abbildung 9: Greatz-Gleichrichter oh-ne
 []

<bilder/Versuch2/mitkondensator.jpg, id=39, 256.96pt x 192.72pt>
File: bilder/Versuch2/mitkondensator.jpg Graphic file (type jpg)

<use bilder/Versuch2/mitkondensator.jpg>
Package pdftex.def Info: bilder/Versuch2/mitkondensator.jpg used on input line 
22.
(pdftex.def)             Requested size: 154.17719pt x 115.63287pt.

Overfull \hbox (6.22511pt too wide) in paragraph at lines 22--23
 [] 
 []


Underfull \hbox (badness 10000) in paragraph at lines 23--23
[]\OT1/cmr/m/n/10 Abbildung 10: Greatz-
 []

<bild/TEK0002.jpg, id=40, 256.96pt x 192.72pt>
File: bild/TEK0002.jpg Graphic file (type jpg)
 <use bild/TEK0002.jpg>
Package pdftex.def Info: bild/TEK0002.jpg used on input line 32.
(pdftex.def)             Requested size: 154.17719pt x 115.63287pt.

Overfull \hbox (6.22511pt too wide) in paragraph at lines 32--33
 [] 
 []


Underfull \hbox (badness 10000) in paragraph at lines 33--33
[]\OT1/cmr/m/n/10 Abbildung 11: Greatz-
 []

<bild/TEK0003.jpg, id=41, 256.96pt x 192.72pt>
File: bild/TEK0003.jpg Graphic file (type jpg)
 <use bild/TEK0003.jpg>
Package pdftex.def Info: bild/TEK0003.jpg used on input line 39.
(pdftex.def)             Requested size: 154.17719pt x 115.63287pt.

Overfull \hbox (6.22511pt too wide) in paragraph at lines 39--40
 [] 
 []


Underfull \hbox (badness 10000) in paragraph at lines 40--40
[]\OT1/cmr/m/n/10 Abbildung 12: Greatz-
 []

[6 <./schaltungVersuch3.png> <./bilder/Versuch2/ohnekondensator.jpg> <./bilder/
Versuch2/mitkondensator.jpg> <./bild/TEK0002.jpg> <./bild/TEK0003.jpg>]
<Versuch3-SimulationmitVariablenKondesator.png, id=46, 1157.07281pt x 389.20406
pt>
File: Versuch3-SimulationmitVariablenKondesator.png Graphic file (type png)
 <use Versuch3-SimulationmitVariablenKondesator.png>
Package pdftex.def Info: Versuch3-SimulationmitVariablenKondesator.png used on 
input line 70.
(pdftex.def)             Requested size: 295.90979pt x 99.53375pt.

Overfull \hbox (3.34361pt too wide) in paragraph at lines 74--75
[]\OT1/cmr/m/n/10 Ein Ver-gleich zu den Si-mu-lier-ten Er-geb-nis-sen bringt ei
n []ahnliches Bild. Die Brumm-
 []

[7 <./Versuch3-SimulationmitVariablenKondesator.png>]
<bild/TEK0004.jpg, id=52, 256.96pt x 192.72pt>
File: bild/TEK0004.jpg Graphic file (type jpg)
 <use bild/TEK0004.jpg>
Package pdftex.def Info: bild/TEK0004.jpg used on input line 79.
(pdftex.def)             Requested size: 179.87076pt x 134.90306pt.

Overfull \hbox (31.91869pt too wide) in paragraph at lines 79--80
 [] 
 []


Underfull \hbox (badness 10000) in paragraph at lines 80--80
[]\OT1/cmr/m/n/10 Abbildung 14: Greatz-
 []

<bild/TEK0005.jpg, id=53, 256.96pt x 192.72pt>
File: bild/TEK0005.jpg Graphic file (type jpg)
 <use bild/TEK0005.jpg>
Package pdftex.def Info: bild/TEK0005.jpg used on input line 86.
(pdftex.def)             Requested size: 179.87076pt x 134.90306pt.

Overfull \hbox (31.91869pt too wide) in paragraph at lines 86--87
 [] 
 []


Underfull \hbox (badness 10000) in paragraph at lines 87--87
[]\OT1/cmr/m/n/10 Abbildung 15: Greatz-
 []

<bilder/Versuch2/12widerstand.jpg, id=54, 256.96pt x 192.72pt>
File: bilder/Versuch2/12widerstand.jpg Graphic file (type jpg)

<use bilder/Versuch2/12widerstand.jpg>
Package pdftex.def Info: bilder/Versuch2/12widerstand.jpg used on input line 93
.
(pdftex.def)             Requested size: 179.87076pt x 134.90306pt.

<Versuch3-SimulationmitVariablenWiderstand.png, id=55, 1155.56718pt x 439.6425p
t>
File: Versuch3-SimulationmitVariablenWiderstand.png Graphic file (type png)
 <use Versuch3-SimulationmitVariablenWiderstand.png>
Package pdftex.def Info: Versuch3-SimulationmitVariablenWiderstand.png used on 
input line 118.
(pdftex.def)             Requested size: 295.90979pt x 112.58029pt.
) [8 <./bild/TEK0004.jpg> <./bild/TEK0005.jpg> <./bilder/Versuch2/12widerstand.
jpg>]
(./Versuch4-BegrechzerSchaltung.tex
<schaltungVersuch4.png, id=59, 630.85687pt x 208.52907pt>
File: schaltungVersuch4.png Graphic file (type png)

<use schaltungVersuch4.png>
Package pdftex.def Info: schaltungVersuch4.png used on input line 7.
(pdftex.def)             Requested size: 252.33827pt x 83.41014pt.

<schaltungVersuch4Version2.png, id=60, 522.45187pt x 339.51843pt>
File: schaltungVersuch4Version2.png Graphic file (type png)

<use schaltungVersuch4Version2.png>
Package pdftex.def Info: schaltungVersuch4Version2.png used on input line 16.
(pdftex.def)             Requested size: 208.97704pt x 135.80496pt.
 [9 <./Versuch3-SimulationmitVariablenWiderstand.png> <./schaltungVersuch4.png>
]
<Versuch4/TEK0003.jpg, id=66, 256.96pt x 192.72pt>
File: Versuch4/TEK0003.jpg Graphic file (type jpg)
 <use Versuch4/TEK0003.jpg>
Package pdftex.def Info: Versuch4/TEK0003.jpg used on input line 25.
(pdftex.def)             Requested size: 205.56827pt x 154.1762pt.

<Versuch4/TEK0001.jpg, id=67, 256.96pt x 192.72pt>
File: Versuch4/TEK0001.jpg Graphic file (type jpg)
 <use Versuch4/TEK0001.jpg>
Package pdftex.def Info: Versuch4/TEK0001.jpg used on input line 34.
(pdftex.def)             Requested size: 205.56827pt x 154.1762pt.


LaTeX Warning: `!h' float specifier changed to `!ht'.

<Bilder/Versuch2/Limiter2.jpg, id=68, 256.96pt x 192.72pt>
File: Bilder/Versuch2/Limiter2.jpg Graphic file (type jpg)

<use Bilder/Versuch2/Limiter2.jpg>
Package pdftex.def Info: Bilder/Versuch2/Limiter2.jpg used on input line 41.
(pdftex.def)             Requested size: 205.56827pt x 154.1762pt.


LaTeX Warning: `!h' float specifier changed to `!ht'.

) [10 <./schaltungVersuch4Version2.png> <./Versuch4/TEK0003.jpg>]

LaTeX Warning: Text page 11 contains only floats.

[11 <./Versuch4/TEK0001.jpg> <./Bilder/Versuch2/Limiter2.jpg>]
(./Zusammenfassung.tex
Underfull \hbox (badness 10000) in paragraph at lines 1--2

 []

) [12] (./praktikum2.aux) ) 
Here is how much of TeX's memory you used:
 3285 strings out of 493027
 45704 string characters out of 6137684
 123582 words of memory out of 5000000
 6748 multiletter control sequences out of 15000+600000
 6219 words of font info for 23 fonts, out of 8000000 for 9000
 1141 hyphenation exceptions out of 8191
 38i,11n,43p,688b,329s stack positions out of 5000i,500n,10000p,200000b,80000s
<c:/texlive/2015/texmf-dist/fonts/type1/public/amsfo
nts/cm/cmbx10.pfb><c:/texlive/2015/texmf-dist/fonts/type1/public/amsfonts/cm/cm
bx12.pfb><c:/texlive/2015/texmf-dist/fonts/type1/public/amsfonts/cm/cmbx9.pfb><
c:/texlive/2015/texmf-dist/fonts/type1/public/amsfonts/cm/cmmi10.pfb><c:/texliv
e/2015/texmf-dist/fonts/type1/public/amsfonts/cm/cmmi5.pfb><c:/texlive/2015/tex
mf-dist/fonts/type1/public/amsfonts/cm/cmmi7.pfb><c:/texlive/2015/texmf-dist/fo
nts/type1/public/amsfonts/cm/cmr10.pfb><c:/texlive/2015/texmf-dist/fonts/type1/
public/amsfonts/cm/cmr7.pfb><c:/texlive/2015/texmf-dist/fonts/type1/public/amsf
onts/cm/cmr9.pfb><c:/texlive/2015/texmf-dist/fonts/type1/public/amsfonts/cm/cms
y10.pfb><c:/texlive/2015/texmf-dist/fonts/type1/public/amsfonts/cm/cmsy7.pfb>
Output written on praktikum2.pdf (12 pages, 1538496 bytes).
PDF statistics:
 116 PDF objects out of 1000 (max. 8388607)
 62 compressed objects within 1 object stream
 0 named destinations out of 1000 (max. 500000)
 111 words of extra memory for PDF output out of 10000 (max. 10000000)

